[0m
[0m [0m [0m [0m [0m [0m [0m [0m [0m [0m [0m [0m [0m [0m [0m [0m [0m [0m [0m [0m [0m [0m [0m [0m [0m [0m [0m [0m [0m [0m [0m [0m [0m [0m [0m [0m [0m [0m [0m [0m [0m [0m [0m [0m [0m [0m [0m [0m [0m [0m [0m [0m [0m [0m [0m [0m [0m [0m [0m [48;5;255m [48;5;255m [0m [0m [0m [0m [0m [0m [0m [0m [0m [0m [0m [0m
[0m [0m [0m [0m [0m [0m [0m [0m [0m [0m [0m [0m [0m [0m [0m [0m [0m [0m [0m [0m [0m [0m [0m [0m [0m [0m [0m [0m [0m [0m [0m [0m [0m [0m [0m [0m [0m [0m [0m [0m [0m [0m [0m [0m [0m [0m [0m [0m [0m [0m [0m [0m [0m [0m [0m [0m [0m [0m [0m [48;5;255m [48;5;255m [0m [0m [0m [0m [0m [0m [0m [0m [0m [0m [0m [0m
[0m [0m [0m [0m [0m [0m [0m [0m [0m [0m [0m [0m [0m [0m [0m [0m [0m [0m [0m [0m [0m [0m [0m [0m [0m [0m [0m [0m [0m [0m [0m [0m [0m [0m [0m [0m [0m [0m [0m [0m [0m [0m [0m [0m [0m [0m [0m [0m [0m [0m [0m [0m [0m [0m [0m [0m [0m [0m [0m [48;5;255m [48;5;255m [0m [0m [0m [0m [0m [0m [0m [0m [0m [0m [0m [0m
[48;5;255m [48;5;255m [48;5;255m [48;5;255m [48;5;255m [48;5;255m [48;5;255m [0m [0m [48;5;255m [48;5;255m [48;5;255m [48;5;255m [48;5;255m [48;5;255m [48;5;255m [48;5;255m [0m [0m [48;5;255m [48;5;255m [48;5;255m [48;5;255m [48;5;255m [48;5;255m [48;5;255m [48;5;255m [48;5;255m [48;5;255m [48;5;255m [48;5;255m [0m [0m [48;5;255m [48;5;255m [48;5;255m [48;5;255m [48;5;255m [48;5;255m [48;5;255m [48;5;255m [0m [0m [48;5;255m [48;5;255m [48;5;255m [48;5;255m [48;5;255m [48;5;255m [48;5;255m [48;5;255m [0m [0m [48;5;255m [48;5;255m [48;5;255m [48;5;255m [48;5;255m [48;5;255m [48;5;255m [48;5;255m [0m [0m [48;5;255m [48;5;255m [48;5;255m [48;5;255m [48;5;255m [48;5;255m [48;5;255m [48;5;255m [0m [0m [48;5;255m [48;5;255m [48;5;255m [48;5;255m [48;5;255m [48;5;255m [48;5;255m [48;5;255m [0m
[48;5;255m [48;5;255m [0m [0m [0m [0m [0m [0m [0m [48;5;255m [48;5;255m [0m [0m [0m [0m [48;5;255m [48;5;255m [0m [0m [48;5;255m [48;5;255m [0m [0m [0m [48;5;255m [48;5;255m [0m [0m [0m [48;5;255m [48;5;255m [0m [0m [48;5;255m [48;5;255m [0m [0m [0m [0m [48;5;255m [48;5;255m [0m [0m [48;5;255m [48;5;255m [0m [0m [0m [0m [48;5;255m [48;5;255m [0m [0m [48;5;255m [48;5;255m [0m [0m [0m [0m [48;5;255m [48;5;255m [0m [0m [48;5;255m [48;5;255m [0m [0m [0m [0m [48;5;255m [48;5;255m [0m [0m [48;5;255m [48;5;255m [0m
[48;5;255m [48;5;255m [0m [0m [0m [0m [0m [0m [0m [48;5;255m [48;5;255m [0m [0m [0m [0m [48;5;255m [48;5;255m [0m [0m [48;5;255m [48;5;255m [0m [0m [0m [48;5;255m [48;5;255m [0m [0m [0m [48;5;255m [48;5;255m [0m [0m [48;5;255m [48;5;255m [0m [0m [0m [0m [48;5;255m [48;5;255m [0m [0m [48;5;255m [48;5;255m [0m [0m [0m [0m [48;5;255m [48;5;255m [0m [0m [48;5;255m [48;5;255m [0m [0m [0m [0m [48;5;255m [48;5;255m [0m [0m [48;5;255m [48;5;255m [0m [0m [0m [0m [48;5;255m [48;5;255m [0m [0m [48;5;255m [48;5;255m [0m
[48;5;255m [48;5;255m [0m [0m [0m [0m [0m [0m [0m [48;5;255m [48;5;255m [0m [0m [0m [0m [48;5;255m [48;5;255m [0m [0m [48;5;255m [48;5;255m [0m [0m [0m [48;5;255m [48;5;255m [0m [0m [0m [48;5;255m [48;5;255m [0m [0m [48;5;255m [48;5;255m [0m [0m [0m [0m [48;5;255m [48;5;255m [0m [0m [48;5;255m [48;5;255m [0m [0m [0m [0m [48;5;255m [48;5;255m [0m [0m [48;5;255m [48;5;255m [0m [0m [0m [0m [48;5;255m [48;5;255m [0m [0m [48;5;255m [48;5;255m [0m [0m [0m [0m [48;5;255m [48;5;255m [0m [0m [48;5;255m [48;5;255m [0m
[48;5;255m [48;5;255m [48;5;255m [48;5;255m [48;5;255m [48;5;255m [48;5;255m [0m [0m [48;5;255m [48;5;255m [48;5;255m [48;5;255m [48;5;255m [48;5;255m [48;5;255m [48;5;255m [0m [0m [48;5;255m [48;5;255m [0m [0m [0m [48;5;255m [48;5;255m [0m [0m [0m [48;5;255m [48;5;255m [0m [0m [48;5;255m [48;5;255m [48;5;255m [48;5;255m [48;5;255m [48;5;255m [48;5;255m [48;5;255m [0m [0m [48;5;255m [48;5;255m [48;5;255m [48;5;255m [48;5;255m [48;5;255m [48;5;255m [48;5;255m [0m [0m [48;5;255m [48;5;255m [48;5;255m [48;5;255m [48;5;255m [48;5;255m [48;5;255m [48;5;255m [0m [0m [48;5;255m [48;5;255m [48;5;255m [48;5;255m [48;5;255m [48;5;255m [48;5;255m [48;5;255m [0m [0m [48;5;255m [48;5;255m [48;5;255m [48;5;255m [48;5;255m [48;5;255m [48;5;255m [48;5;255m [0m
[0m [0m [0m [0m [0m [0m [0m [0m [0m [0m [0m [0m [0m [0m [0m [0m [0m [0m [0m [0m [0m [0m [0m [0m [0m [0m [0m [0m [0m [0m [0m [0m [0m [48;5;255m [48;5;255m [0m [0m [0m [0m [0m [0m [0m [0m [0m [0m [0m [0m
[0m [0m [0m [0m [0m [0m [0m [0m [0m [0m [0m [0m [0m [0m [0m [0m [0m [0m [0m [0m [0m [0m [0m [0m [0m [0m [0m [0m [0m [0m [0m [0m [0m [48;5;255m [48;5;255m [0m [0m [0m [0m [0m [0m [0m [0m [0m [0m [0m [0m
[0m [0m [0m [0m [0m [0m [0m [0m [0m [0m [0m [0m [0m [0m [0m [0m [0m [0m [0m [0m [0m [0m [0m [0m [0m [0m [0m [0m [0m [0m [0m [0m [0m [48;5;255m [48;5;255m [0m [0m [0m [0m [0m [0m [0m [0m [0m [0m [0m [0m

1.1.19

TypeScript version used by Compodoc : 4.5.5

TypeScript version of current project : 4.6.2

Node.js version : v14.19.3

Operating system : Windows 10

[20:13:36] No configuration file found, switching to CLI flags.
[20:13:36] Using tsconfig file : C:\Projects\Learn\storybook\taskbox\tsconfig.json
[20:13:36] Including      : C:\Projects\Learn\storybook\taskbox\.browserslistrc
[20:13:36] Including      : C:\Projects\Learn\storybook\taskbox\.editorconfig
[20:13:36] Including      : C:\Projects\Learn\storybook\taskbox\.gitignore
[20:13:36] Including      : C:\Projects\Learn\storybook\taskbox\angular.json
[20:13:36] Including      : C:\Projects\Learn\storybook\taskbox\chromatic.yml
[20:13:36] Including      : C:\Projects\Learn\storybook\taskbox\documentation.json
[20:13:36] Including      : C:\Projects\Learn\storybook\taskbox\jest.config.js
[20:13:36] Including      : C:\Projects\Learn\storybook\taskbox\LICENSE
[20:13:36] Including      : C:\Projects\Learn\storybook\taskbox\package-lock.json
[20:13:36] Including      : C:\Projects\Learn\storybook\taskbox\package.json
[20:13:36] Including      : C:\Projects\Learn\storybook\taskbox\README.md
[20:13:36] Including      : C:\Projects\Learn\storybook\taskbox\tsconfig.json
[20:13:36] Including      : C:\Projects\Learn\storybook\taskbox\tsconfig.app.json
[20:13:36] Including      : C:\Projects\Learn\storybook\taskbox\tsconfig.spec.json
[20:13:36] Including      : C:\Projects\Learn\storybook\taskbox\build-storybook.log
[20:13:36] Including      : C:\Projects\Learn\storybook\taskbox\.storybook\main.js
[20:13:36] Including      : C:\Projects\Learn\storybook\taskbox\.storybook\preview.js
[20:13:36] Including      : C:\Projects\Learn\storybook\taskbox\.storybook\tsconfig.json
[20:13:36] Ignoring       : C:\Projects\Learn\storybook\taskbox\.storybook\typings.d.ts
[20:13:36] Including      : C:\Projects\Learn\storybook\taskbox\jest-config\setup.ts
[20:13:36] Including      : C:\Projects\Learn\storybook\taskbox\src\favicon.ico
[20:13:36] Including      : C:\Projects\Learn\storybook\taskbox\src\index.html
[20:13:36] Including      : C:\Projects\Learn\storybook\taskbox\src\main.ts
[20:13:36] Including      : C:\Projects\Learn\storybook\taskbox\src\polyfills.ts
[20:13:36] Including      : C:\Projects\Learn\storybook\taskbox\src\styles.css
[20:13:36] Including      : C:\Projects\Learn\storybook\taskbox\jest-config\__mocks__\fileMock.js
[20:13:36] Including      : C:\Projects\Learn\storybook\taskbox\jest-config\__mocks__\globalMocks.ts
[20:13:36] Including      : C:\Projects\Learn\storybook\taskbox\jest-config\__mocks__\styleMock.js
[20:13:36] Including      : C:\Projects\Learn\storybook\taskbox\src\app\app.component.html
[20:13:36] Including      : C:\Projects\Learn\storybook\taskbox\src\app\app.component.css
[20:13:36] Ignoring       : C:\Projects\Learn\storybook\taskbox\src\app\app.component.spec.ts
[20:13:36] Including      : C:\Projects\Learn\storybook\taskbox\src\app\app.component.ts
[20:13:36] Including      : C:\Projects\Learn\storybook\taskbox\src\app\app.module.ts
[20:13:36] Including      : C:\Projects\Learn\storybook\taskbox\src\assets\.gitkeep
[20:13:36] Including      : C:\Projects\Learn\storybook\taskbox\src\environments\environment.prod.ts
[20:13:36] Including      : C:\Projects\Learn\storybook\taskbox\src\environments\environment.ts
[20:13:36] Including      : C:\Projects\Learn\storybook\taskbox\src\app\components\pure-inbox-screen.component.ts
[20:13:36] Including      : C:\Projects\Learn\storybook\taskbox\src\app\components\pure-inbox-screen.stories.ts
[20:13:36] Including      : C:\Projects\Learn\storybook\taskbox\src\app\components\inbox-screen.component.ts
[20:13:36] Including      : C:\Projects\Learn\storybook\taskbox\src\app\components\pure-task-list.component.ts
[20:13:36] Including      : C:\Projects\Learn\storybook\taskbox\src\app\components\task-list.component.ts
[20:13:36] Including      : C:\Projects\Learn\storybook\taskbox\src\app\components\pure-task-list.stories.ts
[20:13:36] Including      : C:\Projects\Learn\storybook\taskbox\src\app\components\task.component.ts
[20:13:36] Including      : C:\Projects\Learn\storybook\taskbox\src\app\components\task.stories.ts
[20:13:36] Including      : C:\Projects\Learn\storybook\taskbox\src\app\components\task.component.html
[20:13:36] Including      : C:\Projects\Learn\storybook\taskbox\src\app\components\task.module.ts
[20:13:36] Including      : C:\Projects\Learn\storybook\taskbox\src\app\models\task.model.ts
[20:13:36] Including      : C:\Projects\Learn\storybook\taskbox\src\app\state\task.state.ts
[20:13:36] Including      : C:\Projects\Learn\storybook\taskbox\src\assets\font\OpenSans-Light-webfont.eot
[20:13:36] Including      : C:\Projects\Learn\storybook\taskbox\src\assets\font\OpenSans-Light-webfont.svg
[20:13:36] Including      : C:\Projects\Learn\storybook\taskbox\src\assets\font\OpenSans-Light-webfont.ttf
[20:13:36] Including      : C:\Projects\Learn\storybook\taskbox\src\assets\font\OpenSans-Light-webfont.woff
[20:13:36] Including      : C:\Projects\Learn\storybook\taskbox\src\assets\font\OpenSans-Regular-webfont.eot
[20:13:36] Including      : C:\Projects\Learn\storybook\taskbox\src\assets\font\OpenSans-Regular-webfont.svg
[20:13:36] Including      : C:\Projects\Learn\storybook\taskbox\src\assets\font\OpenSans-Regular-webfont.ttf
[20:13:36] Including      : C:\Projects\Learn\storybook\taskbox\src\assets\icon\percolate.svg
[20:13:36] Including      : C:\Projects\Learn\storybook\taskbox\src\assets\font\OpenSans-Regular-webfont.woff
[20:13:36] Including      : C:\Projects\Learn\storybook\taskbox\src\assets\icon\percolate.eot
[20:13:36] Including      : C:\Projects\Learn\storybook\taskbox\src\assets\icon\percolate.woff
[20:13:36] Including      : C:\Projects\Learn\storybook\taskbox\src\assets\icon\percolate.ttf
[20:13:36] Including      : C:\Projects\Learn\storybook\taskbox\.angular\cache\13.3.7\babel-webpack\002907d80c2ef998f1ac17eebecdf743.json
[20:13:36] Including      : C:\Projects\Learn\storybook\taskbox\.angular\cache\13.3.7\babel-webpack\015b99bace7f4524b7e312ee9884ec50.json
[20:13:36] Including      : C:\Projects\Learn\storybook\taskbox\.angular\cache\13.3.7\babel-webpack\04ad7faeff192b2984d1fd02cdbd8573.json
[20:13:36] Including      : C:\Projects\Learn\storybook\taskbox\.angular\cache\13.3.7\babel-webpack\0590dc6120d98586156def5889ea5d63.json
[20:13:36] Including      : C:\Projects\Learn\storybook\taskbox\.angular\cache\13.3.7\babel-webpack\0d5e2782b2a3686b734d9df372900520.json
[20:13:36] Including      : C:\Projects\Learn\storybook\taskbox\.angular\cache\13.3.7\babel-webpack\09d055eea38f75068da1c55342c3ee1f.json
[20:13:36] Including      : C:\Projects\Learn\storybook\taskbox\.angular\cache\13.3.7\babel-webpack\07f410cc756de152a50ee2d43591d1d0.json
[20:13:36] Including      : C:\Projects\Learn\storybook\taskbox\.angular\cache\13.3.7\babel-webpack\1cacfcd22c60cc34ec5956b630ba76dc.json
[20:13:36] Including      : C:\Projects\Learn\storybook\taskbox\.angular\cache\13.3.7\babel-webpack\1021d3aa59ea798442f00b196faee8ec.json
[20:13:36] Including      : C:\Projects\Learn\storybook\taskbox\.angular\cache\13.3.7\babel-webpack\0ece49c1d94718822bd8a60b85b7e216.json
[20:13:36] Including      : C:\Projects\Learn\storybook\taskbox\.angular\cache\13.3.7\babel-webpack\0f78fc216ea7e95378e0465795c9efd1.json
[20:13:36] Including      : C:\Projects\Learn\storybook\taskbox\.angular\cache\13.3.7\babel-webpack\2ae8af5b0e852edb65c481603f88e272.json
[20:13:36] Including      : C:\Projects\Learn\storybook\taskbox\.angular\cache\13.3.7\babel-webpack\29c8725c1ace1996a3a4efc1c4818215.json
[20:13:36] Including      : C:\Projects\Learn\storybook\taskbox\.angular\cache\13.3.7\babel-webpack\34f94d00dda7495b49818e8c7423ae74.json
[20:13:36] Including      : C:\Projects\Learn\storybook\taskbox\.angular\cache\13.3.7\babel-webpack\3a5816efc4959328aa5b0b20fde336f1.json
[20:13:36] Including      : C:\Projects\Learn\storybook\taskbox\.angular\cache\13.3.7\babel-webpack\3bc67f82a9574df41703c7917590b918.json
[20:13:36] Including      : C:\Projects\Learn\storybook\taskbox\.angular\cache\13.3.7\babel-webpack\36e0707676b7e606b67c9a8e6dab064c.json
[20:13:36] Including      : C:\Projects\Learn\storybook\taskbox\.angular\cache\13.3.7\babel-webpack\3c0e657e564018a9eaaa066686b6a7c0.json
[20:13:36] Including      : C:\Projects\Learn\storybook\taskbox\.angular\cache\13.3.7\babel-webpack\3f12cc391d830f79abf99f57e18b6a3d.json
[20:13:36] Including      : C:\Projects\Learn\storybook\taskbox\.angular\cache\13.3.7\babel-webpack\418ed47955b97d5d600537bde5b65780.json
[20:13:36] Including      : C:\Projects\Learn\storybook\taskbox\.angular\cache\13.3.7\babel-webpack\3e4671d856f204072b665668e802c912.json
[20:13:36] Including      : C:\Projects\Learn\storybook\taskbox\.angular\cache\13.3.7\babel-webpack\42fc31582d62a7e9b7c6373f3dbf8ab7.json
[20:13:36] Including      : C:\Projects\Learn\storybook\taskbox\.angular\cache\13.3.7\babel-webpack\465faeeae05dc71b4ad7fd32df2baa59.json
[20:13:36] Including      : C:\Projects\Learn\storybook\taskbox\.angular\cache\13.3.7\babel-webpack\4bc06a1d1cc3a603a2fb9b2ad5372b4a.json
[20:13:36] Including      : C:\Projects\Learn\storybook\taskbox\.angular\cache\13.3.7\babel-webpack\4414aa453224e3e30c26f7a24b77c243.json
[20:13:36] Including      : C:\Projects\Learn\storybook\taskbox\.angular\cache\13.3.7\babel-webpack\46ca754ece58d4d0a4387af2b687f58f.json
[20:13:36] Including      : C:\Projects\Learn\storybook\taskbox\.angular\cache\13.3.7\babel-webpack\53676a8fea3b9bfac0f16c626d8eb4c5.json
[20:13:36] Including      : C:\Projects\Learn\storybook\taskbox\.angular\cache\13.3.7\babel-webpack\46e9265ad48353d2887934c68ae1d5bc.json
[20:13:36] Including      : C:\Projects\Learn\storybook\taskbox\.angular\cache\13.3.7\babel-webpack\50063e63d1fbdcc680903674b8739591.json
[20:13:36] Including      : C:\Projects\Learn\storybook\taskbox\.angular\cache\13.3.7\babel-webpack\581ba664ccb61b64601c64cd509b256a.json
[20:13:36] Including      : C:\Projects\Learn\storybook\taskbox\.angular\cache\13.3.7\babel-webpack\53d6d53c34115fd7957b6ce48bef64cc.json
[20:13:36] Including      : C:\Projects\Learn\storybook\taskbox\.angular\cache\13.3.7\babel-webpack\581ab28d18974e6a830f41e2a98005df.json
[20:13:36] Including      : C:\Projects\Learn\storybook\taskbox\.angular\cache\13.3.7\babel-webpack\5bf3899cf2f4652c20a65a422d29c782.json
[20:13:36] Including      : C:\Projects\Learn\storybook\taskbox\.angular\cache\13.3.7\babel-webpack\540241d50e464ac85a1551e318a73487.json
[20:13:36] Including      : C:\Projects\Learn\storybook\taskbox\.angular\cache\13.3.7\babel-webpack\5cc14503dfcbfe0c061b131062540998.json
[20:13:36] Including      : C:\Projects\Learn\storybook\taskbox\.angular\cache\13.3.7\babel-webpack\5b2dfcdcd87970d0812f4ca28f5f3361.json
[20:13:36] Including      : C:\Projects\Learn\storybook\taskbox\.angular\cache\13.3.7\babel-webpack\5b688f449e7b22b1955f6148ac20d984.json
[20:13:36] Including      : C:\Projects\Learn\storybook\taskbox\.angular\cache\13.3.7\babel-webpack\67a67cc3094bfdb1ab65dbf190078a8a.json
[20:13:36] Including      : C:\Projects\Learn\storybook\taskbox\.angular\cache\13.3.7\babel-webpack\61881788f47a8b36f2d41290fea6a4ba.json
[20:13:36] Including      : C:\Projects\Learn\storybook\taskbox\.angular\cache\13.3.7\babel-webpack\5ccd7ca7be2357346616afe541709c13.json
[20:13:36] Including      : C:\Projects\Learn\storybook\taskbox\.angular\cache\13.3.7\babel-webpack\5fd0b324f090f49d4c4641b0c53aec4a.json
[20:13:36] Including      : C:\Projects\Learn\storybook\taskbox\.angular\cache\13.3.7\babel-webpack\690a947edb1ea28e5e21a617dee41386.json
[20:13:36] Including      : C:\Projects\Learn\storybook\taskbox\.angular\cache\13.3.7\babel-webpack\6ff2b1a9b16e8949a06485498995c415.json
[20:13:36] Including      : C:\Projects\Learn\storybook\taskbox\.angular\cache\13.3.7\babel-webpack\6eefa38fa1383db899605c7c54f6d516.json
[20:13:36] Including      : C:\Projects\Learn\storybook\taskbox\.angular\cache\13.3.7\babel-webpack\726bc32e99c9c3c49b4fca2c7a306db7.json
[20:13:36] Including      : C:\Projects\Learn\storybook\taskbox\.angular\cache\13.3.7\babel-webpack\69f1e1e85d492582d27813e8a39d5cd3.json
[20:13:36] Including      : C:\Projects\Learn\storybook\taskbox\.angular\cache\13.3.7\babel-webpack\7406d700b6a778c78053bebe02356143.json
[20:13:36] Including      : C:\Projects\Learn\storybook\taskbox\.angular\cache\13.3.7\babel-webpack\76d6a9ea389994cd355ad1b1218ed665.json
[20:13:36] Including      : C:\Projects\Learn\storybook\taskbox\.angular\cache\13.3.7\babel-webpack\723f42995a628ac7e7cec7dc2b996332.json
[20:13:36] Including      : C:\Projects\Learn\storybook\taskbox\.angular\cache\13.3.7\babel-webpack\7b178266db2bb533f0ffcc04ebec5411.json
[20:13:36] Including      : C:\Projects\Learn\storybook\taskbox\.angular\cache\13.3.7\babel-webpack\7c90ab5be486c813eacdda401b39cb02.json
[20:13:36] Including      : C:\Projects\Learn\storybook\taskbox\.angular\cache\13.3.7\babel-webpack\74e89855278d92ca6976dce92e607659.json
[20:13:36] Including      : C:\Projects\Learn\storybook\taskbox\.angular\cache\13.3.7\babel-webpack\7e252d35cc8c2a0779ed40f10a90f595.json
[20:13:36] Including      : C:\Projects\Learn\storybook\taskbox\.angular\cache\13.3.7\babel-webpack\7e110023d426ae6ed33d17f50d48f11f.json
[20:13:36] Including      : C:\Projects\Learn\storybook\taskbox\.angular\cache\13.3.7\babel-webpack\7e1dab7bd6f483eee5b0d8f330980e12.json
[20:13:36] Including      : C:\Projects\Learn\storybook\taskbox\.angular\cache\13.3.7\babel-webpack\8056904ea8d5d80ad1fb68d9a6c9094d.json
[20:13:36] Including      : C:\Projects\Learn\storybook\taskbox\.angular\cache\13.3.7\babel-webpack\7f11b3ccca942622f992be0d2a6c94f4.json
[20:13:36] Including      : C:\Projects\Learn\storybook\taskbox\.angular\cache\13.3.7\babel-webpack\7f7efdb85964ab6846081209f09de42f.json
[20:13:36] Including      : C:\Projects\Learn\storybook\taskbox\.angular\cache\13.3.7\babel-webpack\821cd54a3ce65ec981c9a7b269d7eb79.json
[20:13:36] Including      : C:\Projects\Learn\storybook\taskbox\.angular\cache\13.3.7\babel-webpack\83f785c0f88660b7bc5fd994c3190ccc.json
[20:13:36] Including      : C:\Projects\Learn\storybook\taskbox\.angular\cache\13.3.7\babel-webpack\80afec51381912d37ffdf4f89880f346.json
[20:13:36] Including      : C:\Projects\Learn\storybook\taskbox\.angular\cache\13.3.7\babel-webpack\86fb95d115b1a2a152988bf42054bd3f.json
[20:13:36] Including      : C:\Projects\Learn\storybook\taskbox\.angular\cache\13.3.7\babel-webpack\86032e117a3c4a8e3d8e1bf8a36efa47.json
[20:13:36] Including      : C:\Projects\Learn\storybook\taskbox\.angular\cache\13.3.7\babel-webpack\881e04cf12223dfc6c3398ac0561d885.json
[20:13:36] Including      : C:\Projects\Learn\storybook\taskbox\.angular\cache\13.3.7\babel-webpack\8e9a50c5282fca8595e8a2e9f1a68995.json
[20:13:36] Including      : C:\Projects\Learn\storybook\taskbox\.angular\cache\13.3.7\babel-webpack\8db444c36cef39e2bc650164987ed0a4.json
[20:13:36] Including      : C:\Projects\Learn\storybook\taskbox\.angular\cache\13.3.7\babel-webpack\89ee8ced9f953d626aff635071f8574c.json
[20:13:36] Including      : C:\Projects\Learn\storybook\taskbox\.angular\cache\13.3.7\babel-webpack\8a91a3c6f1f25b881a4ce2184d24aa09.json
[20:13:36] Including      : C:\Projects\Learn\storybook\taskbox\.angular\cache\13.3.7\babel-webpack\92ce9f71539b022028c8f30308e5fa97.json
[20:13:36] Including      : C:\Projects\Learn\storybook\taskbox\.angular\cache\13.3.7\babel-webpack\983be90010ff684e36cf3abd700083e5.json
[20:13:36] Including      : C:\Projects\Learn\storybook\taskbox\.angular\cache\13.3.7\babel-webpack\99e14d411cad5b45294154be5bbd14dd.json
[20:13:36] Including      : C:\Projects\Learn\storybook\taskbox\.angular\cache\13.3.7\babel-webpack\9a00f6d392dd963e467db671261a1757.json
[20:13:36] Including      : C:\Projects\Learn\storybook\taskbox\.angular\cache\13.3.7\babel-webpack\9a8e891c262e1e9876db5c34fb2cbebc.json
[20:13:36] Including      : C:\Projects\Learn\storybook\taskbox\.angular\cache\13.3.7\babel-webpack\9be6831791f009c8db6bbc313df657aa.json
[20:13:36] Including      : C:\Projects\Learn\storybook\taskbox\.angular\cache\13.3.7\babel-webpack\959d2a380ea09557842b91904f1be938.json
[20:13:36] Including      : C:\Projects\Learn\storybook\taskbox\.angular\cache\13.3.7\babel-webpack\9d9d0bd76d9265ffe55b584f7ed92fe2.json
[20:13:36] Including      : C:\Projects\Learn\storybook\taskbox\.angular\cache\13.3.7\babel-webpack\9a3944ccc9049ba8c8fb3b348a9aef51.json
[20:13:36] Including      : C:\Projects\Learn\storybook\taskbox\.angular\cache\13.3.7\babel-webpack\9c52ba4f683f07cfed0dfdcacd117be5.json
[20:13:36] Including      : C:\Projects\Learn\storybook\taskbox\.angular\cache\13.3.7\babel-webpack\a72b3833e167edf2f135e2d92f7efcb8.json
[20:13:36] Including      : C:\Projects\Learn\storybook\taskbox\.angular\cache\13.3.7\babel-webpack\a8569d70fab9034a79a711ca0e346c00.json
[20:13:36] Including      : C:\Projects\Learn\storybook\taskbox\.angular\cache\13.3.7\babel-webpack\ac93e32cbda166186f379bf639cc0fb6.json
[20:13:36] Including      : C:\Projects\Learn\storybook\taskbox\.angular\cache\13.3.7\babel-webpack\a1b3fff1f593c5426a6ccbd17b9bf4cd.json
[20:13:36] Including      : C:\Projects\Learn\storybook\taskbox\.angular\cache\13.3.7\babel-webpack\a276ccd5af8aadc676f2f3843f5ea286.json
[20:13:36] Including      : C:\Projects\Learn\storybook\taskbox\.angular\cache\13.3.7\babel-webpack\ab8223190971d232b87f18712c6efef9.json
[20:13:36] Including      : C:\Projects\Learn\storybook\taskbox\.angular\cache\13.3.7\babel-webpack\acee92b5e073846ed08aeb374b600709.json
[20:13:36] Including      : C:\Projects\Learn\storybook\taskbox\.angular\cache\13.3.7\babel-webpack\ae1fb2e5a45214df6bbbb617a47265e3.json
[20:13:36] Including      : C:\Projects\Learn\storybook\taskbox\.angular\cache\13.3.7\babel-webpack\b6fdf8b110d64a1aa3d84604456d974e.json
[20:13:36] Including      : C:\Projects\Learn\storybook\taskbox\.angular\cache\13.3.7\babel-webpack\b7e05e782b83b576a5bde252e92a0220.json
[20:13:36] Including      : C:\Projects\Learn\storybook\taskbox\.angular\cache\13.3.7\babel-webpack\b7e5961726c5caf613cb764238285620.json
[20:13:36] Including      : C:\Projects\Learn\storybook\taskbox\.angular\cache\13.3.7\babel-webpack\b168d989569a9947a7fc72b0e5381061.json
[20:13:36] Including      : C:\Projects\Learn\storybook\taskbox\.angular\cache\13.3.7\babel-webpack\c2a1ab29498581756fc3d7819f1b5f99.json
[20:13:36] Including      : C:\Projects\Learn\storybook\taskbox\.angular\cache\13.3.7\babel-webpack\bdfd7b4810b6cb40cf299461d9063d79.json
[20:13:36] Including      : C:\Projects\Learn\storybook\taskbox\.angular\cache\13.3.7\babel-webpack\bdd65ad5ceb5bf534a4d8eb707e17f34.json
[20:13:36] Including      : C:\Projects\Learn\storybook\taskbox\.angular\cache\13.3.7\babel-webpack\c285712637bcf79f023bb94e2dbac8ab.json
[20:13:36] Including      : C:\Projects\Learn\storybook\taskbox\.angular\cache\13.3.7\babel-webpack\ca7d4aff3b9a518406a80f34fa4d7721.json
[20:13:36] Including      : C:\Projects\Learn\storybook\taskbox\.angular\cache\13.3.7\babel-webpack\d2218b8cc4564d70a86aac9479a12034.json
[20:13:36] Including      : C:\Projects\Learn\storybook\taskbox\.angular\cache\13.3.7\babel-webpack\d83877988c2f383bc7f08f30d964195e.json
[20:13:36] Including      : C:\Projects\Learn\storybook\taskbox\.angular\cache\13.3.7\babel-webpack\cb0e15a1c37a2b21b1f4c3a0cc22e51e.json
[20:13:36] Including      : C:\Projects\Learn\storybook\taskbox\.angular\cache\13.3.7\babel-webpack\cec0666cfd5f66bee2b0a10a0c0c6acd.json
[20:13:36] Including      : C:\Projects\Learn\storybook\taskbox\.angular\cache\13.3.7\babel-webpack\d970f670e9dd72df106a295468937467.json
[20:13:36] Including      : C:\Projects\Learn\storybook\taskbox\.angular\cache\13.3.7\babel-webpack\db7eb6ab23500049320109f5b7eab0dd.json
[20:13:36] Including      : C:\Projects\Learn\storybook\taskbox\.angular\cache\13.3.7\babel-webpack\d3d455c47b603e5cd2487402b34ac906.json
[20:13:36] Including      : C:\Projects\Learn\storybook\taskbox\.angular\cache\13.3.7\babel-webpack\e45a31eb97c231972b2554a77a3023f6.json
[20:13:36] Including      : C:\Projects\Learn\storybook\taskbox\.angular\cache\13.3.7\babel-webpack\e50e14b908fea39ebd231e10b84087aa.json
[20:13:36] Including      : C:\Projects\Learn\storybook\taskbox\.angular\cache\13.3.7\babel-webpack\e64f1788175804dd525ea4c3d18dbe04.json
[20:13:36] Including      : C:\Projects\Learn\storybook\taskbox\.angular\cache\13.3.7\babel-webpack\e6ec8bb256d580a22d032c8be3232150.json
[20:13:36] Including      : C:\Projects\Learn\storybook\taskbox\.angular\cache\13.3.7\babel-webpack\e69d5d50d0526c5437e6b369fdadd7a5.json
[20:13:36] Including      : C:\Projects\Learn\storybook\taskbox\.angular\cache\13.3.7\babel-webpack\e38749e8fa3c0a4a3990cbd94aec82e0.json
[20:13:36] Including      : C:\Projects\Learn\storybook\taskbox\.angular\cache\13.3.7\babel-webpack\ea1ad5b0dfd11dc3c7b75d5b6b121508.json
[20:13:36] Including      : C:\Projects\Learn\storybook\taskbox\.angular\cache\13.3.7\babel-webpack\ea921e8376918e6028dc7e317232f1f3.json
[20:13:36] Including      : C:\Projects\Learn\storybook\taskbox\.angular\cache\13.3.7\babel-webpack\ebd1e7d0c9f7a617e5595586b009c02b.json
[20:13:36] Including      : C:\Projects\Learn\storybook\taskbox\.angular\cache\13.3.7\babel-webpack\f07ca11274f944ea1ee2f2a88a7d50e2.json
[20:13:36] Including      : C:\Projects\Learn\storybook\taskbox\.angular\cache\13.3.7\babel-webpack\eee7133a2685de4249dfc1c17c4af3e5.json
[20:13:36] Including      : C:\Projects\Learn\storybook\taskbox\.angular\cache\13.3.7\babel-webpack\ef7b56cc9963a40943616d7a70e7930c.json
[20:13:36] Including      : C:\Projects\Learn\storybook\taskbox\.angular\cache\13.3.7\babel-webpack\f109a997227f899bd6b1c5c8bb2b8aa7.json
[20:13:36] Including      : C:\Projects\Learn\storybook\taskbox\.angular\cache\13.3.7\babel-webpack\f6d324db3a1821022062a1c685fa1194.json
[20:13:36] Including      : C:\Projects\Learn\storybook\taskbox\.angular\cache\13.3.7\babel-webpack\f1c7b3b2ce23229f3cb66014e1d3c2c5.json
[20:13:36] Including      : C:\Projects\Learn\storybook\taskbox\.angular\cache\13.3.7\babel-webpack\eb177d57b0e8be3477a4f5850b15d940.json
[20:13:36] Including      : C:\Projects\Learn\storybook\taskbox\.angular\cache\13.3.7\babel-webpack\f980e59d1a0c771affcd2089bba89c21.json
[20:13:36] Including      : C:\Projects\Learn\storybook\taskbox\.angular\cache\13.3.7\babel-webpack\fdad77adaca505fe4bd2a76f92c98ced.json
[20:13:36] Including      : C:\Projects\Learn\storybook\taskbox\.angular\cache\13.3.7\babel-webpack\fc9739c99052314e38dbe770dbb05e2d.json
[20:13:36] Including      : C:\Projects\Learn\storybook\taskbox\.angular\cache\13.3.7\babel-webpack\fe48673738066ad4263c4265cb658395.json
[20:13:36] Including      : C:\Projects\Learn\storybook\taskbox\.angular\cache\13.3.7\babel-webpack\f3af3ed4627df263bef17622bfb63a75.json
[20:13:36] Searching package.json file
[20:13:36] package.json file found
[20:13:36] Processing package.json dependencies
[20:13:36] Searching README.md, CHANGELOG.md, CONTRIBUTING.md, LICENSE.md, TODO.md files
[20:13:36] README.md file found
[20:13:36] Error during C:\Projects\Learn\storybook\taskbox\CHANGELOG read
[20:13:36] Continuing without CHANGELOG.md file
[20:13:36] Error during C:\Projects\Learn\storybook\taskbox\CONTRIBUTING read
[20:13:36] Continuing without CONTRIBUTING.md file
[20:13:36] LICENSE.md file found
[20:13:36] Error during C:\Projects\Learn\storybook\taskbox\TODO read
[20:13:36] Continuing without TODO.md file
[20:13:36] Get dependencies data
[20:13:36] parsing        : C:/Projects/Learn/storybook/taskbox/jest-config/setup.ts
[20:13:36] parsing        : C:/Projects/Learn/storybook/taskbox/src/main.ts
[20:13:36] parsing        : C:/Projects/Learn/storybook/taskbox/src/polyfills.ts
[20:13:36] parsing        : C:/Projects/Learn/storybook/taskbox/jest-config/__mocks__/globalMocks.ts
[20:13:36] parsing        : C:/Projects/Learn/storybook/taskbox/src/app/app.component.ts
[20:13:36] found          : AppComponent
[20:13:36] parsing        : C:/Projects/Learn/storybook/taskbox/src/app/app.module.ts
[20:13:36] found          : AppModule
[20:13:36]                : - imports:
[20:13:36]                : 	- BrowserModule
[20:13:36]                : 	- TaskModule
[20:13:36]                : 	- NgxsModule
[20:13:36]                : 	- NgxsReduxDevtoolsPluginModule
[20:13:36]                : 	- NgxsLoggerPluginModule
[20:13:36]                : - declarations:
[20:13:36]                : 	- AppComponent
[20:13:36]                : - bootstrap:
[20:13:36]                : 	- AppComponent
[20:13:36] parsing        : C:/Projects/Learn/storybook/taskbox/src/environments/environment.prod.ts
[20:13:36] found          : environment
[20:13:36] parsing        : C:/Projects/Learn/storybook/taskbox/src/environments/environment.ts
[20:13:36] found          : environment
[20:13:36] parsing        : C:/Projects/Learn/storybook/taskbox/src/app/components/pure-inbox-screen.component.ts
[20:13:36] found          : PureInboxScreenComponent
[20:13:36] parsing        : C:/Projects/Learn/storybook/taskbox/src/app/components/pure-inbox-screen.stories.ts
[20:13:36] found          : Template
[20:13:36] found          : Default
[20:13:36] found          : Error
[20:13:36] found          : WithInteractions
[20:13:36] parsing        : C:/Projects/Learn/storybook/taskbox/src/app/components/inbox-screen.component.ts
[20:13:36] found          : InboxScreenComponent
[20:13:36] parsing        : C:/Projects/Learn/storybook/taskbox/src/app/components/pure-task-list.component.ts
[20:13:36] found          : PureTaskListComponent
[20:13:36] parsing        : C:/Projects/Learn/storybook/taskbox/src/app/components/task-list.component.ts
[20:13:36] found          : TaskListComponent
[20:13:36] parsing        : C:/Projects/Learn/storybook/taskbox/src/app/components/pure-task-list.stories.ts
[20:13:36] found          : Template
[20:13:36] found          : Default
[20:13:36] found          : WithPinnedTasks
[20:13:36] found          : Loading
[20:13:36] found          : Empty
[20:13:36] parsing        : C:/Projects/Learn/storybook/taskbox/src/app/components/task.component.ts
[20:13:36] found          : TaskComponent
[20:13:36] parsing        : C:/Projects/Learn/storybook/taskbox/src/app/components/task.stories.ts
[20:13:36] found          : actionsData
[20:13:36] found          : Template
[20:13:36] found          : Default
[20:13:36] found          : Pinned
[20:13:36] found          : Archived
[20:13:36] found          : longTitleString
[20:13:36] found          : LongTitle
[20:13:36] parsing        : C:/Projects/Learn/storybook/taskbox/src/app/components/task.module.ts
[20:13:36] found          : TaskModule
[20:13:36]                : - imports:
[20:13:36]                : 	- CommonModule
[20:13:36]                : 	- NgxsModule
[20:13:36]                : - exports:
[20:13:36]                : 	- TaskComponent
[20:13:36]                : 	- TaskListComponent
[20:13:36]                : - declarations:
[20:13:36]                : 	- TaskComponent
[20:13:36]                : 	- TaskListComponent
[20:13:36]                : 	- PureTaskListComponent
[20:13:36] parsing        : C:/Projects/Learn/storybook/taskbox/src/app/models/task.model.ts
[20:13:36] found          : Task
[20:13:36] parsing        : C:/Projects/Learn/storybook/taskbox/src/app/state/task.state.ts
[20:13:36] found          : actions
[20:13:36] found          : ArchiveTask
[20:13:36] found          : PinTask
[20:13:36] found          : AppError
[20:13:36] found          : defaultTasks
[20:13:36] found          : TaskStateModel
[20:13:36] found          : TasksState
[20:13:36] -------------------
[20:13:36] Project statistics 
[20:13:36] - files      : 181
[20:13:36] - module     : 2
[20:13:36] - component  : 6
[20:13:36] - injectable : 1
[20:13:36] - class      : 3
[20:13:36] - interface  : 2
[20:13:36] -------------------
[20:13:36] Prepare components
[20:13:36]  AppComponent has a templateUrl, include it
[20:13:36]  AppComponent has styleUrls, include them
[20:13:36]  TaskComponent has a templateUrl, include it
[20:13:36] Prepare modules
[20:13:36] Prepare injectables
[20:13:36] Prepare classes
[20:13:36] Prepare interfaces
[20:13:36] Prepare miscellaneous
[20:13:36] Process documentation coverage report
[20:13:36] Generating documentation in export format json
[20:13:36] Documentation generated in ./ in 1.115 seconds
info @storybook/angular v6.5.7
info 
info => Cleaning outputDir: C:\Users\ROBERT~1\AppData\Local\Temp\chromatic--35912-2vErnXCgHFui
info => Loading presets
info => Compiling manager..
info => Compiling preview..
info Addon-docs: using MDX1
info => Using implicit CSS loaders
info => Loading angular-cli config for angular >= 13.0.0
info => Using angular project with "tsConfig:C:\Projects\Learn\storybook\taskbox\.storybook\tsconfig.json"
WARN Your Storybook startup uses a solution that will not be supported in version 7.0. 
WARN You must use angular builder to have an explicit configuration on the project used in angular.json
WARN Read more at:
WARN - https://github.com/storybookjs/storybook/blob/next/MIGRATION.md#sb-angular-builder)
WARN - https://github.com/storybookjs/storybook/blob/next/MIGRATION.md#angular13)
info => Using angular project "taskbox:build" for configuring Storybook
info => Using default Webpack5 setup
<s> [webpack.Progress] 0% 

<s> [webpack.Progress] 1% setup before run
<s> [webpack.Progress] 1% setup before run NodeEnvironmentPlugin
<s> [webpack.Progress] 1% setup before run
<s> [webpack.Progress] 2% setup run
<s> [webpack.Progress] 2% setup run
<s> [webpack.Progress] 4% setup normal module factory
<s> [webpack.Progress] 4% setup normal module factory CaseSensitivePathsPlugin
<s> [webpack.Progress] 4% setup normal module factory
<s> [webpack.Progress] 5% setup context module factory
<s> [webpack.Progress] 5% setup context module factory
<s> [webpack.Progress] 6% setup before compile
<s> [webpack.Progress] 6% setup before compile angular-compiler
<s> [webpack.Progress] 6% setup before compile ProgressPlugin
<s> [webpack.Progress] 6% setup before compile
<s> [webpack.Progress] 7% setup compile
<s> [webpack.Progress] 7% setup compile ExternalsPlugin
<s> [webpack.Progress] 7% setup compile
<s> [webpack.Progress] 8% setup compilation
<s> [webpack.Progress] 8% setup compilation CopyPlugin
<s> [webpack.Progress] 8% setup compilation angular-compiler
<s> [webpack.Progress] 8% setup compilation mini-css-extract-plugin
<s> [webpack.Progress] 8% setup compilation ArrayPushCallbackChunkFormatPlugin
<s> [webpack.Progress] 8% setup compilation JsonpChunkLoadingPlugin
<s> [webpack.Progress] 8% setup compilation StartupChunkDependenciesPlugin
<s> [webpack.Progress] 8% setup compilation ImportScriptsChunkLoadingPlugin
<s> [webpack.Progress] 8% setup compilation FetchCompileWasmPlugin
<s> [webpack.Progress] 8% setup compilation FetchCompileAsyncWasmPlugin
<s> [webpack.Progress] 8% setup compilation WorkerPlugin
<s> [webpack.Progress] 8% setup compilation SplitChunksPlugin
<s> [webpack.Progress] 8% setup compilation RuntimeChunkPlugin
<s> [webpack.Progress] 8% setup compilation ResolverCachePlugin
<s> [webpack.Progress] 8% setup compilation HtmlWebpackPlugin
<s> [webpack.Progress] 8% setup compilation
<s> [webpack.Progress] 9% setup compilation
<s> [webpack.Progress] 9% setup compilation named-chunks-plugin
<s> [webpack.Progress] 9% setup compilation DedupeModuleResolvePlugin
<s> [webpack.Progress] 9% setup compilation AnyComponentStyleBudgetChecker
<s> [webpack.Progress] 9% setup compilation mini-css-extract-plugin
<s> [webpack.Progress] 9% setup compilation SuppressExtractedTextChunks
<s> [webpack.Progress] 9% setup compilation DefinePlugin
<s> [webpack.Progress] 9% setup compilation ProvidePlugin
<s> [webpack.Progress] 9% setup compilation ProgressPlugin
<s> [webpack.Progress] 9% setup compilation ChunkPrefetchPreloadPlugin
<s> [webpack.Progress] 9% setup compilation SourceMapDevToolPlugin
<s> [webpack.Progress] 9% setup compilation JavascriptModulesPlugin
<s> [webpack.Progress] 9% setup compilation JsonModulesPlugin
<s> [webpack.Progress] 9% setup compilation AssetModulesPlugin
<s> [webpack.Progress] 9% setup compilation EntryPlugin
<s> [webpack.Progress] 9% setup compilation EntryPlugin
<s> [webpack.Progress] 9% setup compilation EntryPlugin
<s> [webpack.Progress] 9% setup compilation EntryPlugin
<s> [webpack.Progress] 9% setup compilation EntryPlugin
<s> [webpack.Progress] 9% setup compilation EntryPlugin
<s> [webpack.Progress] 9% setup compilation EntryPlugin
<s> [webpack.Progress] 9% setup compilation EntryPlugin
<s> [webpack.Progress] 9% setup compilation EntryPlugin
<s> [webpack.Progress] 9% setup compilation EntryPlugin
<s> [webpack.Progress] 9% setup compilation EntryPlugin
<s> [webpack.Progress] 9% setup compilation EntryPlugin
<s> [webpack.Progress] 9% setup compilation EntryPlugin
<s> [webpack.Progress] 9% setup compilation EntryPlugin
<s> [webpack.Progress] 9% setup compilation EntryPlugin
<s> [webpack.Progress] 9% setup compilation EntryPlugin
<s> [webpack.Progress] 9% setup compilation EntryPlugin
<s> [webpack.Progress] 9% setup compilation EntryPlugin
<s> [webpack.Progress] 9% setup compilation RuntimePlugin
<s> [webpack.Progress] 9% setup compilation InferAsyncModulesPlugin
<s> [webpack.Progress] 9% setup compilation DataUriPlugin
<s> [webpack.Progress] 9% setup compilation FileUriPlugin
<s> [webpack.Progress] 9% setup compilation CompatibilityPlugin
<s> [webpack.Progress] 9% setup compilation HarmonyModulesPlugin
<s> [webpack.Progress] 9% setup compilation AMDPlugin
<s> [webpack.Progress] 9% setup compilation RequireJsStuffPlugin
<s> [webpack.Progress] 9% setup compilation CommonJsPlugin
<s> [webpack.Progress] 9% setup compilation LoaderPlugin
<s> [webpack.Progress] 9% setup compilation LoaderPlugin
<s> [webpack.Progress] 9% setup compilation NodeStuffPlugin
<s> [webpack.Progress] 9% setup compilation APIPlugin
<s> [webpack.Progress] 9% setup compilation ExportsInfoApiPlugin
<s> [webpack.Progress] 9% setup compilation WebpackIsIncludedPlugin
<s> [webpack.Progress] 9% setup compilation ConstPlugin
<s> [webpack.Progress] 9% setup compilation UseStrictPlugin
<s> [webpack.Progress] 9% setup compilation RequireIncludePlugin
<s> [webpack.Progress] 9% setup compilation RequireEnsurePlugin
<s> [webpack.Progress] 9% setup compilation RequireContextPlugin
<s> [webpack.Progress] 9% setup compilation ImportPlugin
<s> [webpack.Progress] 9% setup compilation RequireContextPlugin
<s> [webpack.Progress] 9% setup compilation SystemPlugin
<s> [webpack.Progress] 9% setup compilation ImportMetaPlugin
<s> [webpack.Progress] 9% setup compilation URLPlugin
<s> [webpack.Progress] 9% setup compilation DefaultStatsFactoryPlugin
<s> [webpack.Progress] 9% setup compilation DefaultStatsPresetPlugin
<s> [webpack.Progress] 9% setup compilation DefaultStatsPrinterPlugin
<s> [webpack.Progress] 9% setup compilation JavascriptMetaInfoPlugin
<s> [webpack.Progress] 9% setup compilation EnsureChunkConditionsPlugin
<s> [webpack.Progress] 9% setup compilation RemoveEmptyChunksPlugin
<s> [webpack.Progress] 9% setup compilation MergeDuplicateChunksPlugin
<s> [webpack.Progress] 9% setup compilation FlagIncludedChunksPlugin
<s> [webpack.Progress] 9% setup compilation SideEffectsFlagPlugin
<s> [webpack.Progress] 9% setup compilation FlagDependencyExportsPlugin
<s> [webpack.Progress] 9% setup compilation FlagDependencyUsagePlugin
<s> [webpack.Progress] 9% setup compilation InnerGraphPlugin
<s> [webpack.Progress] 9% setup compilation MangleExportsPlugin
<s> [webpack.Progress] 9% setup compilation ModuleConcatenationPlugin
<s> [webpack.Progress] 9% setup compilation NoEmitOnErrorsPlugin
<s> [webpack.Progress] 9% setup compilation RealContentHashPlugin
<s> [webpack.Progress] 9% setup compilation WasmFinalizeExportsPlugin
<s> [webpack.Progress] 9% setup compilation NamedModuleIdsPlugin
<s> [webpack.Progress] 9% setup compilation DeterministicChunkIdsPlugin
<s> [webpack.Progress] 9% setup compilation DefinePlugin
<s> [webpack.Progress] 9% setup compilation TerserPlugin
<s> [webpack.Progress] 9% setup compilation TemplatedPathPlugin
<s> [webpack.Progress] 9% setup compilation RecordIdsPlugin
<s> [webpack.Progress] 9% setup compilation WarnCaseSensitiveModulesPlugin
<s> [webpack.Progress] 9% setup compilation IgnoreWarningsPlugin
<s> [webpack.Progress] 9% setup compilation
<s> [webpack.Progress] 10% building
<s> [webpack.Progress] 10% building 0/1 entries 0/0 dependencies 0/0 modules
<s> [webpack.Progress] 10% building import loader ./node_modules/mini-css-extract-plugin/dist/loader.js
<s> [webpack.Progress] 10% building import loader ./node_modules/css-loader/dist/cjs.js
<s> [webpack.Progress] 10% building import loader ./node_modules/postcss-loader/dist/cjs.js
<s> [webpack.Progress] 10% building 0/18 entries 2/18 dependencies 0/2 modules
<s> [webpack.Progress] 10% building import loader ./node_modules/@angular-devkit/build-angular/src/babel/webpack-loader.js
<s> [webpack.Progress] 10% building import loader ./node_modules/babel-loader/lib/index.js
<s> [webpack.Progress] 10% building 0/18 entries 14/19 dependencies 0/14 modules
<s> [webpack.Progress] 10% building 0/18 entries 15/19 dependencies 0/14 modules
<s> [webpack.Progress] 10% building import loader ./node_modules/@ngtools/webpack/src/ivy/index.js
<s> [webpack.Progress] 10% building 0/18 entries 15/28 dependencies 0/15 modules
<s> [webpack.Progress] 10% building 0/18 entries 31/94 dependencies 0/29 modules
<s> [webpack.Progress] 13% building 1/18 entries 140/212 dependencies 4/80 modules
<s> [webpack.Progress] 13% building import loader ./node_modules/@storybook/source-loader/dist/cjs/index.js
<s> [webpack.Progress] 13% building 1/18 entries 165/229 dependencies 9/84 modules
<s> [webpack.Progress] 13% building 1/18 entries 236/278 dependencies 10/131 modules
<s> [webpack.Progress] 16% building 2/18 entries 323/432 dependencies 30/133 modules
<s> [webpack.Progress] 19% building 3/18 entries 589/636 dependencies 68/236 modules
<s> [webpack.Progress] 19% building 3/18 entries 800/940 dependencies 79/273 modules
<s> [webpack.Progress] 19% building 3/18 entries 1019/1157 dependencies 100/314 modules
<s> [webpack.Progress] 19% building 3/18 entries 1135/1200 dependencies 113/370 modules
<s> [webpack.Progress] 19% building 3/18 entries 1169/1300 dependencies 125/372 modules
<s> [webpack.Progress] 19% building 3/18 entries 1300/1463 dependencies 153/378 modules
<s> [webpack.Progress] 19% building 3/18 entries 1374/1463 dependencies 168/400 modules
<s> [webpack.Progress] 19% building 3/18 entries 1445/1500 dependencies 170/422 modules
<s> [webpack.Progress] 19% building 3/18 entries 1572/1900 dependencies 182/427 modules
<s> [webpack.Progress] 22% building 4/18 entries 1599/1940 dependencies 213/427 modules
<s> [webpack.Progress] 22% building 4/18 entries 1637/2000 dependencies 217/433 modules
<s> [webpack.Progress] 22% building 4/18 entries 1900/2152 dependencies 244/558 modules
<s> [webpack.Progress] 22% building 4/18 entries 2300/2686 dependencies 283/632 modules
<s> [webpack.Progress] 22% building 4/18 entries 2400/2884 dependencies 286/679 modules
<s> [webpack.Progress] 22% building 4/18 entries 2991/3100 dependencies 296/884 modules
<s> [webpack.Progress] 22% building 4/18 entries 3384/3473 dependencies 341/900 modules
<s> [webpack.Progress] 22% building 4/18 entries 3472/3500 dependencies 356/932 modules
<s> [webpack.Progress] 22% building 4/18 entries 3987/4100 dependencies 399/973 modules
<s> [webpack.Progress] 22% building 4/18 entries 4400/4440 dependencies 558/1045 modules
<s> [webpack.Progress] 22% building 4/18 entries 4426/4500 dependencies 559/1051 modules
<s> [webpack.Progress] 22% building 4/18 entries 4759/4800 dependencies 766/1135 modules
<s> [webpack.Progress] 22% building 4/18 entries 4994/5100 dependencies 848/1185 modules
<s> [webpack.Progress] 22% building 4/18 entries 5100/5267 dependencies 851/1207 modules
<s> [webpack.Progress] 22% building 4/18 entries 5400/5475 dependencies 955/1310 modules
<s> [webpack.Progress] 22% building 4/18 entries 5700/5752 dependencies 1071/1380 modules
<s> [webpack.Progress] 22% building 4/18 entries 6100/6108 dependencies 1180/1598 modules
<s> [webpack.Progress] 23% building 4/18 entries 6157/6200 dependencies 1210/1603 modules
<s> [webpack.Progress] 24% building 4/18 entries 6229/6262 dependencies 1300/1619 modules
<s> [webpack.Progress] 25% building 4/18 entries 6368/6400 dependencies 1427/1640 modules
<s> [webpack.Progress] 26% building 4/18 entries 6449/6500 dependencies 1474/1658 modules
<s> [webpack.Progress] 27% building 4/18 entries 6700/6716 dependencies 1548/1692 modules
<s> [webpack.Progress] 27% building 5/18 entries 6782/6790 dependencies 1603/1699 modules
<s> [webpack.Progress] 28% building 6/18 entries 6782/6790 dependencies 1604/1699 modules
<s> [webpack.Progress] 31% building 7/18 entries 6782/6790 dependencies 1605/1699 modules
<s> [webpack.Progress] 34% building 8/18 entries 6782/6790 dependencies 1606/1699 modules
<s> [webpack.Progress] 37% building 9/18 entries 6782/6790 dependencies 1607/1699 modules
<s> [webpack.Progress] 40% building 10/18 entries 6782/6790 dependencies 1608/1699 modules
<s> [webpack.Progress] 43% building 11/18 entries 6782/6790 dependencies 1609/1699 modules
<s> [webpack.Progress] 46% building 12/18 entries 6782/6790 dependencies 1610/1699 modules
<s> [webpack.Progress] 49% building 13/18 entries 6782/6790 dependencies 1611/1699 modules
<s> [webpack.Progress] 52% building 14/18 entries 6851/6859 dependencies 1642/1719 modules
<s> [webpack.Progress] 55% building 15/18 entries 6958/6959 dependencies 1709/1759 modules
<s> [webpack.Progress] 58% building 16/18 entries 6962/6963 dependencies 1736/1760 modules
<s> [webpack.Progress] 61% building 17/18 entries 6962/6963 dependencies 1736/1760 modules
<s> [webpack.Progress] 64% building 18/18 entries 6964/6964 dependencies 1761/1761 modules
<s> [webpack.Progress] 65% building
<s> [webpack.Progress] 69% building finish
<s> [webpack.Progress] 69% building finish
<s> [webpack.Progress] 70% sealing finish module graph
<s> [webpack.Progress] 70% sealing finish module graph angular-compiler
<s> [webpack.Progress] 70% sealing finish module graph ResolverCachePlugin
<s> [webpack.Progress] 70% sealing finish module graph InferAsyncModulesPlugin
<s> [webpack.Progress] 70% sealing finish module graph FlagDependencyExportsPlugin
<s> [webpack.Progress] 70% sealing finish module graph InnerGraphPlugin
<s> [webpack.Progress] 70% sealing finish module graph WasmFinalizeExportsPlugin
<s> [webpack.Progress] 70% sealing finish module graph
<s> [webpack.Progress] 70% sealing plugins
<s> [webpack.Progress] 70% sealing plugins WarnCaseSensitiveModulesPlugin
<s> [webpack.Progress] 70% sealing plugins
<s> [webpack.Progress] 71% sealing dependencies optimization
<s> [webpack.Progress] 71% sealing dependencies optimization SideEffectsFlagPlugin
<s> [webpack.Progress] 71% sealing dependencies optimization FlagDependencyUsagePlugin
<s> [webpack.Progress] 71% sealing dependencies optimization
<s> [webpack.Progress] 71% sealing after dependencies optimization
<s> [webpack.Progress] 71% sealing after dependencies optimization
<s> [webpack.Progress] 72% sealing chunk graph
<s> [webpack.Progress] 72% sealing chunk graph
<s> [webpack.Progress] 73% sealing after chunk graph
<s> [webpack.Progress] 73% sealing after chunk graph
<s> [webpack.Progress] 73% sealing optimizing
<s> [webpack.Progress] 73% sealing optimizing
<s> [webpack.Progress] 74% sealing module optimization
<s> [webpack.Progress] 74% sealing module optimization
<s> [webpack.Progress] 75% sealing after module optimization
<s> [webpack.Progress] 75% sealing after module optimization
<s> [webpack.Progress] 75% sealing chunk optimization
<s> [webpack.Progress] 75% sealing chunk optimization EnsureChunkConditionsPlugin
<s> [webpack.Progress] 75% sealing chunk optimization RemoveEmptyChunksPlugin
<s> [webpack.Progress] 75% sealing chunk optimization MergeDuplicateChunksPlugin
<s> [webpack.Progress] 75% sealing chunk optimization SplitChunksPlugin
<s> [webpack.Progress] 75% sealing chunk optimization RemoveEmptyChunksPlugin
<s> [webpack.Progress] 75% sealing chunk optimization
<s> [webpack.Progress] 76% sealing after chunk optimization
<s> [webpack.Progress] 76% sealing after chunk optimization
<s> [webpack.Progress] 77% sealing module and chunk tree optimization
<s> [webpack.Progress] 77% sealing module and chunk tree optimization PersistentChildCompilerSingletonPlugin
<s> [webpack.Progress] 77% sealing module and chunk tree optimization
<s> [webpack.Progress] 77% sealing after module and chunk tree optimization
<s> [webpack.Progress] 77% sealing after module and chunk tree optimization
<s> [webpack.Progress] 78% sealing chunk modules optimization
<s> [webpack.Progress] 78% sealing chunk modules optimization ModuleConcatenationPlugin
<s> [webpack.Progress] 78% sealing chunk modules optimization
<s> [webpack.Progress] 78% sealing after chunk modules optimization
<s> [webpack.Progress] 78% sealing after chunk modules optimization
<s> [webpack.Progress] 79% sealing module reviving
<s> [webpack.Progress] 79% sealing module reviving RecordIdsPlugin
<s> [webpack.Progress] 79% sealing module reviving
<s> [webpack.Progress] 80% sealing before module ids
<s> [webpack.Progress] 80% sealing before module ids
<s> [webpack.Progress] 80% sealing module ids
<s> [webpack.Progress] 80% sealing module ids NamedModuleIdsPlugin
<s> [webpack.Progress] 80% sealing module ids
<s> [webpack.Progress] 81% sealing module id optimization
<s> [webpack.Progress] 81% sealing module id optimization
<s> [webpack.Progress] 82% sealing module id optimization
<s> [webpack.Progress] 82% sealing module id optimization
<s> [webpack.Progress] 82% sealing chunk reviving
<s> [webpack.Progress] 82% sealing chunk reviving RecordIdsPlugin
<s> [webpack.Progress] 82% sealing chunk reviving
<s> [webpack.Progress] 83% sealing before chunk ids
<s> [webpack.Progress] 83% sealing before chunk ids
<s> [webpack.Progress] 84% sealing chunk ids
<s> [webpack.Progress] 84% sealing chunk ids DeterministicChunkIdsPlugin
<s> [webpack.Progress] 84% sealing chunk ids
<s> [webpack.Progress] 84% sealing chunk id optimization
<s> [webpack.Progress] 84% sealing chunk id optimization FlagIncludedChunksPlugin
<s> [webpack.Progress] 84% sealing chunk id optimization
<s> [webpack.Progress] 85% sealing after chunk id optimization
<s> [webpack.Progress] 85% sealing after chunk id optimization
<s> [webpack.Progress] 86% sealing record modules
<s> [webpack.Progress] 86% sealing record modules RecordIdsPlugin
<s> [webpack.Progress] 86% sealing record modules
<s> [webpack.Progress] 86% sealing record chunks
<s> [webpack.Progress] 86% sealing record chunks RecordIdsPlugin
<s> [webpack.Progress] 86% sealing record chunks
<s> [webpack.Progress] 87% sealing module hashing
<s> [webpack.Progress] 87% sealing module hashing
<s> [webpack.Progress] 87% sealing code generation
<s> [webpack.Progress] 87% sealing code generation
<s> [webpack.Progress] 88% sealing runtime requirements
<s> [webpack.Progress] 88% sealing runtime requirements
<s> [webpack.Progress] 89% sealing hashing
<s> [webpack.Progress] 89% sealing hashing
<s> [webpack.Progress] 89% sealing after hashing
<s> [webpack.Progress] 89% sealing after hashing
<s> [webpack.Progress] 90% sealing record hash
<s> [webpack.Progress] 90% sealing record hash
<s> [webpack.Progress] 91% sealing module assets processing
<s> [webpack.Progress] 91% sealing module assets processing
<s> [webpack.Progress] 91% sealing chunk assets processing
<s> [webpack.Progress] 91% sealing chunk assets processing
<s> [webpack.Progress] 92% sealing asset processing
<s> [webpack.Progress] 92% sealing asset processing copy-webpack-plugin
<s> [webpack.Progress] 92% sealing asset processing PersistentChildCompilerSingletonPlugin
<s> [webpack.Progress] 92% sealing asset processing TerserPlugin
info => Manager built (1.17 min)
<s> [webpack.Progress] 92% sealing asset processing SourceMapDevToolPlugin
<s> [webpack.Progress] 92% sealing asset processing SourceMapDevToolPlugin
<s> [webpack.Progress] 92% sealing asset processing SourceMapDevToolPlugin main.css generate SourceMap
<s> [webpack.Progress] 92% sealing asset processing SourceMapDevToolPlugin main.css generated SourceMap
<s> [webpack.Progress] 92% sealing asset processing SourceMapDevToolPlugin main.e748942d.iframe.bundle.js generate SourceMap
<s> [webpack.Progress] 92% sealing asset processing SourceMapDevToolPlugin main.e748942d.iframe.bundle.js generated SourceMap
<s> [webpack.Progress] 92% sealing asset processing SourceMapDevToolPlugin runtime~main.285f4d0e.iframe.bundle.js generate SourceMap
<s> [webpack.Progress] 92% sealing asset processing SourceMapDevToolPlugin runtime~main.285f4d0e.iframe.bundle.js generated SourceMap
<s> [webpack.Progress] 92% sealing asset processing SourceMapDevToolPlugin 747.d13f2eb5.iframe.bundle.js generate SourceMap
<s> [webpack.Progress] 92% sealing asset processing SourceMapDevToolPlugin 747.d13f2eb5.iframe.bundle.js generated SourceMap
<s> [webpack.Progress] 92% sealing asset processing SourceMapDevToolPlugin 366.ddb8db34.iframe.bundle.js generate SourceMap
<s> [webpack.Progress] 92% sealing asset processing SourceMapDevToolPlugin 366.ddb8db34.iframe.bundle.js generated SourceMap
<s> [webpack.Progress] 92% sealing asset processing SourceMapDevToolPlugin 86.bc3d3050.iframe.bundle.js generate SourceMap
<s> [webpack.Progress] 92% sealing asset processing SourceMapDevToolPlugin 86.bc3d3050.iframe.bundle.js generated SourceMap
<s> [webpack.Progress] 92% sealing asset processing SourceMapDevToolPlugin 239.358924bb.iframe.bundle.js generate SourceMap
<s> [webpack.Progress] 92% sealing asset processing SourceMapDevToolPlugin 239.358924bb.iframe.bundle.js generated SourceMap
<s> [webpack.Progress] 92% sealing asset processing SourceMapDevToolPlugin 471.63cffc16.iframe.bundle.js generate SourceMap
<s> [webpack.Progress] 92% sealing asset processing SourceMapDevToolPlugin 471.63cffc16.iframe.bundle.js generated SourceMap
<s> [webpack.Progress] 92% sealing asset processing SourceMapDevToolPlugin 345.793cee98.iframe.bundle.js generate SourceMap
<s> [webpack.Progress] 92% sealing asset processing SourceMapDevToolPlugin 345.793cee98.iframe.bundle.js generated SourceMap
<s> [webpack.Progress] 92% sealing asset processing SourceMapDevToolPlugin 39.920b7308.iframe.bundle.js generate SourceMap
<s> [webpack.Progress] 92% sealing asset processing SourceMapDevToolPlugin 39.920b7308.iframe.bundle.js generated SourceMap
<s> [webpack.Progress] 92% sealing asset processing SourceMapDevToolPlugin 996.b03aef82.iframe.bundle.js generate SourceMap
<s> [webpack.Progress] 92% sealing asset processing SourceMapDevToolPlugin 996.b03aef82.iframe.bundle.js generated SourceMap
<s> [webpack.Progress] 92% sealing asset processing SourceMapDevToolPlugin 225.ff116299.iframe.bundle.js generate SourceMap
<s> [webpack.Progress] 92% sealing asset processing SourceMapDevToolPlugin 225.ff116299.iframe.bundle.js generated SourceMap
<s> [webpack.Progress] 92% sealing asset processing SourceMapDevToolPlugin 291.03611412.iframe.bundle.js generate SourceMap
<s> [webpack.Progress] 92% sealing asset processing SourceMapDevToolPlugin 291.03611412.iframe.bundle.js generated SourceMap
<s> [webpack.Progress] 92% sealing asset processing SourceMapDevToolPlugin 877.71b0109c.iframe.bundle.js generate SourceMap
<s> [webpack.Progress] 92% sealing asset processing SourceMapDevToolPlugin 877.71b0109c.iframe.bundle.js generated SourceMap
<s> [webpack.Progress] 92% sealing asset processing SourceMapDevToolPlugin 565.24c55134.iframe.bundle.js generate SourceMap
<s> [webpack.Progress] 92% sealing asset processing SourceMapDevToolPlugin 565.24c55134.iframe.bundle.js generated SourceMap
<s> [webpack.Progress] 92% sealing asset processing SourceMapDevToolPlugin resolve sources
<s> [webpack.Progress] 92% sealing asset processing SourceMapDevToolPlugin 877.71b0109c.iframe.bundle.js attach SourceMap
<s> [webpack.Progress] 92% sealing asset processing SourceMapDevToolPlugin 877.71b0109c.iframe.bundle.js attached SourceMap
<s> [webpack.Progress] 92% sealing asset processing SourceMapDevToolPlugin
<s> [webpack.Progress] 92% sealing asset processing SourceMapDevToolPlugin
<s> [webpack.Progress] 92% sealing asset processing SourceMapDevToolPlugin resolve sources
<s> [webpack.Progress] 92% sealing asset processing SourceMapDevToolPlugin
<s> [webpack.Progress] 92% sealing asset processing HtmlWebpackPlugin
<s> [webpack.Progress] 92% sealing asset processing HtmlWebpackPlugin
<s> [webpack.Progress] 92% sealing asset processing HtmlWebpackPlugin resolve sources
<s> [webpack.Progress] 92% sealing asset processing HtmlWebpackPlugin
<s> [webpack.Progress] 92% sealing asset processing RealContentHashPlugin
<s> [webpack.Progress] 92% sealing asset processing RealContentHashPlugin
<s> [webpack.Progress] 92% sealing asset processing RealContentHashPlugin main.71d42b1b.iframe.bundle.js generate SourceMap
<s> [webpack.Progress] 92% sealing asset processing RealContentHashPlugin main.71d42b1b.iframe.bundle.js generated SourceMap
<s> [webpack.Progress] 92% sealing asset processing RealContentHashPlugin runtime~main.d1355219.iframe.bundle.js generate SourceMap
<s> [webpack.Progress] 92% sealing asset processing RealContentHashPlugin runtime~main.d1355219.iframe.bundle.js generated SourceMap
<s> [webpack.Progress] 92% sealing asset processing RealContentHashPlugin 747.2e592bfe.iframe.bundle.js generate SourceMap
<s> [webpack.Progress] 92% sealing asset processing RealContentHashPlugin 747.2e592bfe.iframe.bundle.js generated SourceMap
<s> [webpack.Progress] 92% sealing asset processing RealContentHashPlugin 86.0580bc89.iframe.bundle.js generate SourceMap
<s> [webpack.Progress] 92% sealing asset processing RealContentHashPlugin 86.0580bc89.iframe.bundle.js generated SourceMap
<s> [webpack.Progress] 92% sealing asset processing RealContentHashPlugin 345.b8f4061f.iframe.bundle.js generate SourceMap
<s> [webpack.Progress] 92% sealing asset processing RealContentHashPlugin 345.b8f4061f.iframe.bundle.js generated SourceMap
<s> [webpack.Progress] 92% sealing asset processing RealContentHashPlugin 996.66e30629.iframe.bundle.js generate SourceMap
<s> [webpack.Progress] 92% sealing asset processing RealContentHashPlugin 996.66e30629.iframe.bundle.js generated SourceMap
<s> [webpack.Progress] 92% sealing asset processing RealContentHashPlugin 225.adf1b44b.iframe.bundle.js generate SourceMap
<s> [webpack.Progress] 92% sealing asset processing RealContentHashPlugin 225.adf1b44b.iframe.bundle.js generated SourceMap
<s> [webpack.Progress] 92% sealing asset processing RealContentHashPlugin 366.52aa08a7.iframe.bundle.js generate SourceMap
<s> [webpack.Progress] 92% sealing asset processing RealContentHashPlugin 366.52aa08a7.iframe.bundle.js generated SourceMap
<s> [webpack.Progress] 92% sealing asset processing RealContentHashPlugin 239.43bc22d7.iframe.bundle.js generate SourceMap
<s> [webpack.Progress] 92% sealing asset processing RealContentHashPlugin 239.43bc22d7.iframe.bundle.js generated SourceMap
<s> [webpack.Progress] 92% sealing asset processing RealContentHashPlugin 471.14792022.iframe.bundle.js generate SourceMap
<s> [webpack.Progress] 92% sealing asset processing RealContentHashPlugin 471.14792022.iframe.bundle.js generated SourceMap
<s> [webpack.Progress] 92% sealing asset processing RealContentHashPlugin 39.2ed10874.iframe.bundle.js generate SourceMap
<s> [webpack.Progress] 92% sealing asset processing RealContentHashPlugin 39.2ed10874.iframe.bundle.js generated SourceMap
<s> [webpack.Progress] 92% sealing asset processing RealContentHashPlugin 291.4044512f.iframe.bundle.js generate SourceMap
<s> [webpack.Progress] 92% sealing asset processing RealContentHashPlugin 291.4044512f.iframe.bundle.js generated SourceMap
<s> [webpack.Progress] 92% sealing asset processing RealContentHashPlugin 565.6e04f6da.iframe.bundle.js generate SourceMap
<s> [webpack.Progress] 92% sealing asset processing RealContentHashPlugin 565.6e04f6da.iframe.bundle.js generated SourceMap
<s> [webpack.Progress] 92% sealing asset processing RealContentHashPlugin resolve sources
<s> [webpack.Progress] 92% sealing asset processing RealContentHashPlugin
<s> [webpack.Progress] 92% sealing asset processing AnyComponentStyleBudgetChecker
<s> [webpack.Progress] 92% sealing asset processing
<s> [webpack.Progress] 93% sealing after asset optimization
<s> [webpack.Progress] 93% sealing after asset optimization
<s> [webpack.Progress] 93% sealing recording
<s> [webpack.Progress] 93% sealing recording
<s> [webpack.Progress] 94% sealing after seal
<s> [webpack.Progress] 94% sealing after seal
<s> [webpack.Progress] 95% emitting emit
<s> [webpack.Progress] 95% emitting emit
<s> [webpack.Progress] 98% emitting after emit
<s> [webpack.Progress] 98% emitting after emit SizeLimitsPlugin
<s> [webpack.Progress] 98% emitting after emit
<s> [webpack.Progress] 99% done plugins
<s> [webpack.Progress] 99% done plugins CaseSensitivePathsPlugin
<s> [webpack.Progress] 99% done plugins
<s> [webpack.Progress] 99% 

<s> [webpack.Progress] 99% cache store build dependencies
<s> [webpack.Progress] 99% cache store build dependencies
<s> [webpack.Progress] 99% cache begin idle
<s> [webpack.Progress] 99% cache begin idle
<s> [webpack.Progress] 100% 

info => Preview built (1.35 min)
WARN Critical dependency: require function is used in a way in which dependencies cannot be statically extracted
WARN Critical dependency: require function is used in a way in which dependencies cannot be statically extracted
WARN C:/Projects/Learn/storybook/taskbox/src/app/app.component.ts is part of the TypeScript compilation but it's unused.
WARN Add only entry points to the 'files' or 'include' properties in your tsconfig.
WARN C:/Projects/Learn/storybook/taskbox/src/app/app.module.ts is part of the TypeScript compilation but it's unused.
WARN Add only entry points to the 'files' or 'include' properties in your tsconfig.
WARN C:/Projects/Learn/storybook/taskbox/src/app/components/inbox-screen.component.ts is part of the TypeScript compilation but it's unused.
WARN Add only entry points to the 'files' or 'include' properties in your tsconfig.
WARN C:/Projects/Learn/storybook/taskbox/src/environments/environment.prod.ts is part of the TypeScript compilation but it's unused.
WARN Add only entry points to the 'files' or 'include' properties in your tsconfig.
WARN C:/Projects/Learn/storybook/taskbox/src/environments/environment.ts is part of the TypeScript compilation but it's unused.
WARN Add only entry points to the 'files' or 'include' properties in your tsconfig.
WARN C:/Projects/Learn/storybook/taskbox/src/main.ts is part of the TypeScript compilation but it's unused.
WARN Add only entry points to the 'files' or 'include' properties in your tsconfig.
WARN asset size limit: The following asset(s) exceed the recommended size limit (244 KiB).
WARN This can impact web performance.
WARN Assets: 
WARN   366.52aa08a7.iframe.bundle.js (601 KiB)
WARN   471.14792022.iframe.bundle.js (791 KiB)
WARN   877.33f52ac2.iframe.bundle.js (3.15 MiB)
WARN   565.6e04f6da.iframe.bundle.js (654 KiB)
WARN entrypoint size limit: The following entrypoint(s) combined asset size exceeds the recommended limit (244 KiB). This can impact web performance.
WARN Entrypoints:
WARN   main (3.27 MiB)
WARN       runtime~main.d1355219.iframe.bundle.js
WARN       877.33f52ac2.iframe.bundle.js
WARN       main.css
WARN       main.71d42b1b.iframe.bundle.js
WARN 
<s> [webpack.Progress] 99% cache shutdown
<s> [webpack.Progress] 99% cache shutdown
<s> [webpack.Progress] 100% 

info => Output directory: C:\Users\ROBERT~1\AppData\Local\Temp\chromatic--35912-2vErnXCgHFui
